2017-10-04 10:24:10 [scrapy] INFO: Scrapy 1.0.3 started (bot: myproject)
2017-10-04 10:24:10 [scrapy] INFO: Optional features available: ssl, http11, boto
2017-10-04 10:24:10 [scrapy] INFO: Overridden settings: {'NEWSPIDER_MODULE': 'myproject.spiders', 'SPIDER_MODULES': ['myproject.spiders'], 'LOG_FILE': 'dg.log', 'COOKIES_ENABLED': False, 'BOT_NAME': 'myproject'}
2017-10-04 10:24:10 [scrapy] INFO: Enabled extensions: CloseSpider, TelnetConsole, LogStats, CoreStats, SpiderState
2017-10-04 10:24:10 [scrapy] INFO: Enabled downloader middlewares: HttpAuthMiddleware, DownloadTimeoutMiddleware, UserAgentMiddleware, RetryMiddleware, DefaultHeadersMiddleware, MetaRefreshMiddleware, HttpCompressionMiddleware, RedirectMiddleware, ChunkedTransferMiddleware, DownloaderStats
2017-10-04 10:24:10 [scrapy] INFO: Enabled spider middlewares: HttpErrorMiddleware, OffsiteMiddleware, RefererMiddleware, UrlLengthMiddleware, DepthMiddleware
2017-10-04 10:24:10 [scrapy] INFO: Enabled item pipelines: MyprojectPipeline
2017-10-04 10:24:10 [scrapy] INFO: Spider opened
2017-10-04 10:24:10 [scrapy] INFO: Crawled 0 pages (at 0 pages/min), scraped 0 items (at 0 items/min)
2017-10-04 10:24:10 [scrapy] DEBUG: Telnet console listening on 127.0.0.1:6023
2017-10-04 10:24:10 [scrapy] DEBUG: Redirecting (meta refresh) to <GET https://t66y.com/codeform.php> from <GET https://t66y.com/thread0806.php?fid=20&page=1>
2017-10-04 10:24:10 [scrapy] DEBUG: Crawled (200) <GET https://t66y.com/codeform.php> (referer: None)
2017-10-04 10:24:11 [scrapy] INFO: Closing spider (finished)
2017-10-04 10:24:11 [scrapy] INFO: Dumping Scrapy stats:
{'downloader/request_bytes': 264,
 'downloader/request_count': 2,
 'downloader/request_method_count/GET': 2,
 'downloader/response_bytes': 1776,
 'downloader/response_count': 2,
 'downloader/response_status_count/200': 2,
 'finish_reason': 'finished',
 'finish_time': datetime.datetime(2017, 10, 4, 10, 24, 11, 48856),
 'log_count/DEBUG': 3,
 'log_count/INFO': 7,
 'response_received_count': 1,
 'scheduler/dequeued': 2,
 'scheduler/dequeued/memory': 2,
 'scheduler/enqueued': 2,
 'scheduler/enqueued/memory': 2,
 'start_time': datetime.datetime(2017, 10, 4, 10, 24, 10, 345819)}
2017-10-04 10:24:11 [scrapy] INFO: Spider closed (finished)
